<?xml version="1.0" encoding="UTF-8"?>
<!-- Generated by org.testng.reporters.JUnitXMLReporter -->
<testsuite hostname="LAB00W7FCA-15" name="Smoke Test 1" tests="5" failures="0" timestamp="27 Jun 2016 02:39:29 GMT" time="36.133" errors="0">
  <testcase name="searchABCTechInGoogle" time="16.723" classname="com.amedia.qa.automation.testcases.testgoogle.TestGoogle"/>
  <testcase name="clickContactUs" time="4.737" classname="com.amedia.qa.automation.testcases.testgoogle.TestGoogle"/>
  <testcase name="inputInfoInContactUs" time="3.691" classname="com.amedia.qa.automation.testcases.testgoogle.TestGoogle"/>
  <testcase name="verifyText" time="0.922" classname="com.amedia.qa.automation.testcases.testgoogle.TestGoogle"/>
  <testcase name="clickLogo" time="2.284" classname="com.amedia.qa.automation.testcases.testgoogle.TestGoogle"/>
</testsuite> <!-- Smoke Test 1 -->
